11:12:07 **** Incremental Build of configuration Debug for project Challenge ****
make all 
Building file: ../Challenge.c
Invoking: AVR Compiler
avr-gcc -Wall -g2 -gstabs -O0 -fpack-struct -fshort-enums -ffunction-sections -fdata-sections -std=gnu99 -funsigned-char -funsigned-bitfields -mmcu=atmega16 -DF_CPU=1000000UL -MMD -MP -MF"Challenge.d" -MT"Challenge.d" -c -o "Challenge.o" "../Challenge.c"
In file included from ../micro_config.h:19,
                 from ../lcd.h:13,
                 from ../Challenge.c:8:
c:/winavr-20100110/lib/gcc/../../avr/include/util/delay.h:90:3: warning: #warning "Compiler optimizations disabled; functions from <util/delay.h> won't work as designed"
Finished building: ../Challenge.c
 
Building file: ../keypad.c
Invoking: AVR Compiler
avr-gcc -Wall -g2 -gstabs -O0 -fpack-struct -fshort-enums -ffunction-sections -fdata-sections -std=gnu99 -funsigned-char -funsigned-bitfields -mmcu=atmega16 -DF_CPU=1000000UL -MMD -MP -MF"keypad.d" -MT"keypad.d" -c -o "keypad.o" "../keypad.c"
In file included from ../micro_config.h:19,
                 from ../keypad.h:12,
                 from ../keypad.c:8:
c:/winavr-20100110/lib/gcc/../../avr/include/util/delay.h:90:3: warning: #warning "Compiler optimizations disabled; functions from <util/delay.h> won't work as designed"
Finished building: ../keypad.c
 
Building target: Challenge.elf
Invoking: AVR C Linker
avr-gcc -Wl,-Map,Challenge.map -mmcu=atmega16 -o "Challenge.elf"  ./Challenge.o ./keypad.o ./lcd.o   
Finished building target: Challenge.elf
 
Invoking: AVR Create Extended Listing
avr-objdump -h -S Challenge.elf  >"Challenge.lss"
Finished building: Challenge.lss
 
Invoking: Print Size
avr-size --format=avr --mcu=atmega16 Challenge.elf
AVR Memory Usage
----------------
Device: atmega16

Program:    8558 bytes (52.2% Full)
(.text + .data + .bootloader)

Data:         34 bytes (3.3% Full)
(.data + .bss + .noinit)


Finished building: sizedummy
 

11:12:08 Build Finished (took 693ms)

